<?xml version="1.0" encoding="UTF-8"?>
<!-- Generated by org.testng.reporters.JUnitReportReporter -->
<testsuite skipped="0" hostname="Kareem-PC" name="test.AutoSearchTest" tests="2" failures="0" timestamp="11 Mar 2019 21:20:06 GMT" time="8.377" errors="0">
  <testcase name="getYearAssert" time="4.868" classname="test.AutoSearchTest"/>
  <testcase name="autoSearchTestExec" time="3.509" classname="test.AutoSearchTest"/>
</testsuite> <!-- test.AutoSearchTest -->
